c:\users\julia\documents\visual studio 2015\projects\mpi_3_4\mpi_3_4\debug\vc140.pdb
c:\users\julia\documents\visual studio 2015\projects\mpi_3_4\mpi_3_4\debug\vc140.idb
c:\users\julia\documents\visual studio 2015\projects\mpi_3_4\mpi_3_4\debug\function.obj
c:\users\julia\documents\visual studio 2015\projects\mpi_3_4\mpi_3_4\debug\main.obj
c:\users\julia\documents\visual studio 2015\projects\mpi_3_4\mpi_3_4\debug\mpi_3_4consistent.pdb
c:\users\julia\documents\visual studio 2015\projects\mpi_3_4\mpi_3_4\debug\mpi_3_4consistent.idb
c:\users\julia\documents\visual studio 2015\projects\mpi_3_4\debug\mpi_3_4consistent.lib
c:\users\julia\documents\visual studio 2015\projects\mpi_3_4\debug\mpi_3_4consistent.pdb
c:\users\julia\documents\visual studio 2015\projects\mpi_3_4\mpi_3_4\debug\mpi_3_4c.17771c08.tlog\cl.command.1.tlog
c:\users\julia\documents\visual studio 2015\projects\mpi_3_4\mpi_3_4\debug\mpi_3_4c.17771c08.tlog\cl.read.1.tlog
c:\users\julia\documents\visual studio 2015\projects\mpi_3_4\mpi_3_4\debug\mpi_3_4c.17771c08.tlog\cl.write.1.tlog
c:\users\julia\documents\visual studio 2015\projects\mpi_3_4\mpi_3_4\debug\mpi_3_4c.17771c08.tlog\lib-link.read.1.tlog
c:\users\julia\documents\visual studio 2015\projects\mpi_3_4\mpi_3_4\debug\mpi_3_4c.17771c08.tlog\lib-link.write.1.tlog
c:\users\julia\documents\visual studio 2015\projects\mpi_3_4\mpi_3_4\debug\mpi_3_4c.17771c08.tlog\lib.command.1.tlog
c:\users\julia\documents\visual studio 2015\projects\mpi_3_4\mpi_3_4\debug\mpi_3_4c.17771c08.tlog\link-cvtres.read.1.tlog
c:\users\julia\documents\visual studio 2015\projects\mpi_3_4\mpi_3_4\debug\mpi_3_4c.17771c08.tlog\link-cvtres.write.1.tlog
c:\users\julia\documents\visual studio 2015\projects\mpi_3_4\mpi_3_4\debug\mpi_3_4c.17771c08.tlog\link-rc.read.1.tlog
c:\users\julia\documents\visual studio 2015\projects\mpi_3_4\mpi_3_4\debug\mpi_3_4c.17771c08.tlog\link-rc.write.1.tlog
c:\users\julia\documents\visual studio 2015\projects\mpi_3_4\mpi_3_4\debug\mpi_3_4c.17771c08.tlog\link.command.1.tlog
c:\users\julia\documents\visual studio 2015\projects\mpi_3_4\mpi_3_4\debug\mpi_3_4c.17771c08.tlog\link.read.1.tlog
c:\users\julia\documents\visual studio 2015\projects\mpi_3_4\mpi_3_4\debug\mpi_3_4c.17771c08.tlog\link.write.1.tlog
